<?xml version="1.0" encoding="UTF-8"?>
<!-- Generated by org.testng.reporters.JUnitReportReporter -->
<testsuite hostname="Lenovo-PC" name="com.BDD.BDD_TestNG.Runner" tests="1" failures="0" timestamp="11 Aug 2018 16:13:37 GMT" time="17.116" errors="0">
  <testcase name="feature" time="17.116" classname="com.BDD.BDD_TestNG.Runner"/>
</testsuite> <!-- com.BDD.BDD_TestNG.Runner -->
